<?xml version="1.0" encoding="UTF-8"?>
<!-- Generated by org.testng.reporters.JUnitReportReporter -->
<testsuite hostname="DESKTOP-K8U4OTN" failures="0" tests="2" name="com.practice.Dataprovider" time="0.014" errors="0" timestamp="2023-08-04T13:41:05 IST" skipped="0">
  <testcase classname="com.practice.Dataprovider" name="getFamily" time="0.003"/>
  <system-out/>
  <testcase classname="com.practice.Dataprovider" name="getFamily" time="0.011"/>
  <system-out/>
</testsuite> <!-- com.practice.Dataprovider -->
