<?xml version="1.0" encoding="UTF-8"?>
<!-- Generated by org.testng.reporters.JUnitReportReporter -->
<testsuite hostname="DESKTOP-K8U4OTN" failures="0" tests="1" name="HRM.Create_Emp_hrofficer_validateinHrHead_test" time="82.970" errors="0" timestamp="2023-08-10T13:27:36 IST" skipped="0">
  <testcase classname="HRM.Create_Emp_hrofficer_validateinHrHead_test" name="employeeCreation" time="82.970"/>
  <system-out>
    <![CDATA[employeeCreation---> Test script Execution Started
employeeCreation--->Test script is passed]]>
  </system-out>
</testsuite> <!-- HRM.Create_Emp_hrofficer_validateinHrHead_test -->
