<?xml version="1.0" encoding="UTF-8"?>
<!-- Generated by org.testng.reporters.JUnitReportReporter -->
<testsuite hostname="DESKTOP-K8U4OTN" failures="0" tests="1" name="com.practice.SoftassertandHardassert" time="17.238" errors="0" timestamp="2023-08-09T12:09:32 IST" skipped="0">
  <testcase classname="com.practice.SoftassertandHardassert" name="Hardasset" time="17.238"/>
  <system-out/>
</testsuite> <!-- com.practice.SoftassertandHardassert -->
