<?xml version="1.0" encoding="UTF-8"?>
<!-- Generated by org.testng.reporters.JUnitReportReporter -->
<testsuite hostname="DESKTOP-K8U4OTN" failures="0" tests="4" name="com.practice.DataProvide" time="0.022" errors="0" timestamp="2023-08-04T15:19:56 IST" skipped="0">
  <testcase classname="com.practice.DataProvide" name="getEmployee" time="0.002"/>
  <system-out/>
  <testcase classname="com.practice.DataProvide" name="getFamily" time="0.003"/>
  <system-out/>
  <testcase classname="com.practice.DataProvide" name="getEmployee" time="0.014"/>
  <system-out/>
  <testcase classname="com.practice.DataProvide" name="getFamily" time="0.003"/>
  <system-out/>
</testsuite> <!-- com.practice.DataProvide -->
