<?xml version="1.0" encoding="UTF-8"?>
<!-- Generated by org.testng.reporters.JUnitReportReporter -->
<testsuite hostname="DESKTOP-K8U4OTN" failures="0" tests="1" name="com.practice.TestngFeatures" time="0.014" errors="0" timestamp="2023-08-07T12:43:39 IST" skipped="0">
  <testcase classname="com.practice.TestngFeatures" name="hrm" time="0.014"/>
  <system-out/>
</testsuite> <!-- com.practice.TestngFeatures -->
