<?xml version="1.0" encoding="UTF-8"?>
<!-- Generated by org.testng.reporters.JUnitReportReporter -->
<testsuite hostname="DESKTOP-K8U4OTN" failures="0" tests="1" name="HRM.Create_Hr_officerby_Hrhead_test" time="32.226" errors="0" timestamp="2023-08-08T15:23:03 IST" skipped="0">
  <testcase classname="HRM.Create_Hr_officerby_Hrhead_test" name="createAdminofficer" time="32.226"/>
  <system-out/>
</testsuite> <!-- HRM.Create_Hr_officerby_Hrhead_test -->
