<?xml version="1.0" encoding="UTF-8"?>
<!-- Generated by org.testng.reporters.JUnitReportReporter -->
<testsuite hostname="DESKTOP-K8U4OTN" failures="0" tests="10" name="com.practice.DataproviderFolder.ExceldataFetchDP" time="0.062" errors="0" timestamp="2023-08-07T09:59:46 IST" skipped="0">
  <testcase classname="com.practice.DataproviderFolder.ExceldataFetchDP" name="FetchData" time="0.008"/>
  <system-out/>
  <testcase classname="com.practice.DataproviderFolder.ExceldataFetchDP" name="FetchData" time="0.004"/>
  <system-out/>
  <testcase classname="com.practice.DataproviderFolder.ExceldataFetchDP" name="FetchData" time="0.008"/>
  <system-out/>
  <testcase classname="com.practice.DataproviderFolder.ExceldataFetchDP" name="FetchData" time="0.002"/>
  <system-out/>
  <testcase classname="com.practice.DataproviderFolder.ExceldataFetchDP" name="FetchData" time="0.004"/>
  <system-out/>
  <testcase classname="com.practice.DataproviderFolder.ExceldataFetchDP" name="FetchData" time="0.012"/>
  <system-out/>
  <testcase classname="com.practice.DataproviderFolder.ExceldataFetchDP" name="FetchData" time="0.003"/>
  <system-out/>
  <testcase classname="com.practice.DataproviderFolder.ExceldataFetchDP" name="FetchData" time="0.002"/>
  <system-out/>
  <testcase classname="com.practice.DataproviderFolder.ExceldataFetchDP" name="FetchData" time="0.003"/>
  <system-out/>
  <testcase classname="com.practice.DataproviderFolder.ExceldataFetchDP" name="FetchData" time="0.016"/>
  <system-out/>
</testsuite> <!-- com.practice.DataproviderFolder.ExceldataFetchDP -->
