<?xml version="1.0" encoding="UTF-8"?>
<!-- Generated by org.testng.reporters.JUnitReportReporter -->
<testsuite hostname="DESKTOP-K8U4OTN" failures="0" tests="1" name="HRM.Create_corporatebyHrhead_useinOfficer_Test" time="85.479" errors="0" timestamp="2023-08-10T13:27:36 IST" skipped="0">
  <testcase classname="HRM.Create_corporatebyHrhead_useinOfficer_Test" name="createCorporate" time="85.479"/>
  <system-out>
    <![CDATA[createCorporate---> Test script Execution Started
createCorporate--->Test script is passed]]>
  </system-out>
</testsuite> <!-- HRM.Create_corporatebyHrhead_useinOfficer_Test -->
