<?xml version="1.0" encoding="UTF-8"?>
<!-- Generated by org.testng.reporters.JUnitReportReporter -->
<testsuite hostname="DESKTOP-K8U4OTN" failures="0" tests="2" name="com.practice.DataProvide_test" time="0.015" errors="0" timestamp="2023-08-04T14:51:21 IST" skipped="0">
  <testcase classname="com.practice.DataProvide_test" name="getFamily" time="0.004"/>
  <system-out/>
  <testcase classname="com.practice.DataProvide_test" name="getFamily" time="0.011"/>
  <system-out/>
</testsuite> <!-- com.practice.DataProvide_test -->
