<?xml version="1.0" encoding="UTF-8"?>
<!-- Generated by org.testng.reporters.JUnitReportReporter -->
<testsuite hostname="DESKTOP-K8U4OTN" failures="0" tests="5" name="com.practice.Testng" time="0.032" errors="0" timestamp="2023-08-04T13:13:57 IST" skipped="1">
  <testcase classname="com.practice.Testng" name="arrange" time="0.006"/>
  <system-out/>
  <testcase classname="com.practice.Testng" name="bye" time="0.018"/>
  <system-out/>
  <testcase classname="com.practice.Testng" name="bubyeee" time="0.004"/>
  <system-out/>
  <testcase classname="com.practice.Testng" name="hey" time="0.004"/>
  <system-out/>
  <testcase classname="com.practice.Testng" name="hai">
    <skipped/>
  </testcase> <!-- hai -->
  <system-out/>
</testsuite> <!-- com.practice.Testng -->
