<?xml version="1.0" encoding="UTF-8"?>
<!-- Generated by org.testng.reporters.JUnitReportReporter -->
<testsuite hostname="DESKTOP-K8U4OTN" failures="0" tests="4" name="com.practice.Data_test" time="0.032" errors="0" timestamp="2023-08-04T15:19:37 IST" skipped="0">
  <testcase classname="com.practice.Data_test" name="getEmployee" time="0.003"/>
  <system-out/>
  <testcase classname="com.practice.Data_test" name="getFamily" time="0.013"/>
  <system-out/>
  <testcase classname="com.practice.Data_test" name="getEmployee" time="0.011"/>
  <system-out/>
  <testcase classname="com.practice.Data_test" name="getFamily" time="0.005"/>
  <system-out/>
</testsuite> <!-- com.practice.Data_test -->
